<?xml version="1.0" encoding="UTF-8"?>
<!-- Generated by org.testng.reporters.JUnitReportReporter -->
<testsuite hostname="DESKTOP-MG6VHME" failures="0" tests="2" name="SeleniumFrameworkDesign.standaloneTest" time="107.578" errors="0" timestamp="2024-04-03T23:39:35 IST" skipped="0">
  <testcase classname="SeleniumFrameworkDesign.standaloneTest" name="standalone" time="86.772"/>
  <testcase classname="SeleniumFrameworkDesign.standaloneTest" name="orderHistoryTest" time="20.806"/>
</testsuite> <!-- SeleniumFrameworkDesign.standaloneTest -->
