<?xml version="1.0" encoding="UTF-8"?>
<!-- Generated by org.testng.reporters.JUnitReportReporter -->
<testsuite hostname="DESKTOP-MG6VHME" failures="0" tests="1" name="SeleniumFrameworkDesign.ErrorValidation" time="15.308" errors="0" timestamp="2024-04-03T23:44:51 IST" skipped="0">
  <testcase classname="SeleniumFrameworkDesign.ErrorValidation" name="loginErrorValidation" time="15.308"/>
</testsuite> <!-- SeleniumFrameworkDesign.ErrorValidation -->
